Up
Return
Control_L
Control_L
Alt_L
Alt_L
t
t
l
l
k
k
j
j
k
k
j
j
k
k
j
j
g
g
j
j
h
h
v
v
h
h
f
f
d
d
y
y
t
t
n
n
o
o
o
o
m
m
o
o
i
i
n
n
i
i
u
u
g
g
y
y
i
i
o
o
i
i
b
b
u
u
t
t
f
f
t
t
u
u
o
o
f
f
j
j
i
i
n
n
o
o
j
j
g
g
y
y
f
f
t
t
u
u
f
f
u
u
o
o
g
g
j
j
k
k
g
g
y
y
u
u
f
f
t
t
y
y
f
f
i
i
t
t
g
g
t
t
f
f
t
t
y
y
i
i
f
f
u
u
v
v
t
t
f
f
y
y
t
t
f
f
y
y
t
t
f
f
t
t
f
f
y
y
t
t
f
f
y
y
g
g
i
i
u
u
apostrophe
apostrophe
Escape
Escape
Escape
Super_L
F1
apostrophe
1
2
3
4
5
6
7
8
9
0
minus
equal
BackSpace
Home
Page_Up
Next
Next
End
Right
Down
Up
Right
Left
Up
Left
Down
Up
Left
Shift_R
Return
BackSpace
equal
bracketleft
minus
minus
minus
minus
[65105]
p
i
u
u
i
o
p
p
[65105]
[65105]
[65105]
[65105]
[65105]
[65105]
[65105]
Shift_R
[65105]
[65105]
[65105]
[65105]
[65105]
[65105]
[65105]
[65105]
[65105]
[65105]
[65105]
[65105]
Shift_R
[65105]
[65105]
[65105]
Shift_R
[65105]
Shift_R
[65105]
Shift_R
[65105]
Shift_R
[65105]
Shift_R
[65105]
Shift_R
[65105]
Shift_R
bracketleft
bracketright
[65107]
bracketleft
bracketright
bracketleft
bracketright
bracketleft
bracketright
[65107]
[65105]
p
p
p
p
ccedilla
ccedilla
slash
semicolon
period
comma
comma
l
ccedilla
k
[65107]
k
ccedilla
ccedilla
ccedilla
ccedilla
Control_L
Shift_L
C
C
C
Control_L
v
Return
BackSpace
BackSpace
BackSpace
BackSpace
BackSpace
BackSpace
BackSpace
BackSpace
BackSpace
BackSpace
BackSpace
BackSpace
BackSpace
p
y
t
h
o
n
space
c
o
n
e
Down
BackSpace
BackSpace
BackSpace
BackSpace
BackSpace
p
o
s
Down
Return
m
o
n
Return
c
o
n
s
BackSpace
BackSpace
BackSpace
BackSpace
p
r
i
n
t
BackSpace
BackSpace
BackSpace
BackSpace
BackSpace
p
r
i
n
t
Shift_R
parenleft
Shift_R
quotedbl
d
e
s
c
o
n
e
c
t
a
d
o
Shift_R
colon
Right
Shift_R
comma
a
Next
Return
Control_L
z
d
r
Return
Control_L
s
apostrophe
apostrophe
a
s
d
a
s
d
a
s
d
a
s
d
a
s
d
f
f
a
s
apostrophe
k
o
p
a
s
d
l
a
s
k
d
p
o
a
k
s
p
d
o
a
d
a
f
m
a
s
i
o
n
o
d
n
v
s
d
u
i
v
n
s
d
m
p
a
s
o
a
s
i
d
a
s
o
n
i
u
w
apostrophe
a
s
d
a
s
d
a
s
d
a
s
d
a
s
d
a
s
d
a
s
d
a
s
d
a
s
d
a
s
d
a
s
d
a
s
d
a
apostrophe
